SF:lib/src/features/auth/presentation/views/login.dart
DA:8,4
DA:10,2
DA:12,2
DA:14,2
DA:16,2
DA:40,2
DA:43,0
DA:45,0
DA:47,8
LF:9
LH:7
end_of_record
SF:lib/src/features/auth/presentation/widgets/button.dart
DA:13,4
DA:20,4
DA:22,4
DA:23,4
DA:24,4
DA:26,4
DA:28,4
DA:33,4
DA:34,4
DA:36,4
DA:42,4
DA:43,4
DA:53,4
DA:54,4
LF:14
LH:14
end_of_record
SF:lib/src/features/auth/presentation/widgets/auth_field.dart
DA:7,14
DA:23,4
DA:25,8
DA:26,4
DA:27,4
DA:29,4
DA:31,4
DA:33,4
DA:35,4
DA:36,4
DA:37,4
DA:39,4
DA:41,4
DA:44,4
DA:45,4
DA:54,4
DA:55,4
DA:56,4
DA:57,4
DA:61,4
DA:62,4
LF:21
LH:21
end_of_record
SF:lib/src/features/auth/presentation/views/auth.dart
DA:10,2
DA:12,1
DA:13,1
DA:20,1
DA:22,1
DA:23,2
DA:26,1
DA:28,2
DA:29,1
DA:32,1
DA:34,1
DA:36,1
DA:37,1
DA:38,1
DA:51,1
DA:53,3
DA:54,1
DA:55,1
DA:59,1
DA:61,1
DA:63,1
DA:65,1
DA:66,1
DA:67,1
DA:68,1
LF:25
LH:25
end_of_record
SF:lib/src/features/auth/presentation/views/signup.dart
DA:6,4
DA:8,1
DA:10,1
DA:11,1
DA:12,1
DA:14,1
DA:16,1
DA:36,1
DA:39,4
LF:9
LH:9
end_of_record
SF:lib/src/features/splash/presentation/views/splash_screen.dart
DA:8,2
DA:12,2
DA:13,2
DA:22,2
DA:24,4
DA:26,0
DA:28,4
DA:31,2
DA:32,4
DA:35,2
DA:36,2
DA:37,2
DA:41,2
DA:44,2
DA:46,4
DA:47,4
DA:48,2
DA:51,2
DA:53,2
DA:55,2
DA:56,2
DA:57,4
LF:22
LH:21
end_of_record
SF:lib/src/features/dashboard/presentation/views/dashboard.dart
DA:6,2
DA:8,1
DA:9,1
DA:13,1
DA:15,1
DA:27,1
DA:28,1
DA:29,1
DA:30,1
DA:32,1
DA:34,1
DA:35,1
DA:71,1
DA:72,0
DA:73,0
LF:15
LH:13
end_of_record
SF:lib/src/features/dashboard/presentation/widgets/circular_image_text_menu_item.dart
DA:14,6
DA:21,2
DA:23,2
DA:24,2
DA:25,2
DA:27,2
DA:28,2
DA:29,2
DA:33,2
DA:38,2
DA:39,2
DA:40,2
DA:43,2
DA:44,2
DA:46,2
DA:48,2
DA:49,2
DA:57,2
LF:18
LH:18
end_of_record
SF:lib/src/features/dashboard/presentation/widgets/circular_structure_with_widget_inside.dart
DA:11,3
DA:17,3
DA:19,3
DA:20,3
DA:21,3
DA:24,3
DA:25,3
DA:31,3
LF:8
LH:8
end_of_record
SF:lib/app/view/app.dart
DA:7,1
DA:9,1
DA:11,1
DA:12,2
DA:13,2
DA:14,2
DA:16,1
DA:18,1
DA:20,1
LF:9
LH:9
end_of_record
SF:lib/src/router.dart
DA:6,3
DA:8,1
DA:9,1
DA:11,1
DA:13,1
DA:15,0
DA:17,1
DA:19,0
LF:8
LH:6
end_of_record
