SF:lib/src/features/auth/presentation/views/login.dart
DA:8,4
DA:10,2
DA:12,2
DA:14,2
DA:16,2
DA:40,2
DA:43,0
DA:45,0
DA:47,8
LF:9
LH:7
end_of_record
SF:lib/src/features/auth/presentation/widgets/button.dart
DA:13,4
DA:20,4
DA:22,4
DA:23,4
DA:24,4
DA:26,4
DA:28,4
DA:33,4
DA:34,4
DA:36,4
DA:42,4
DA:43,4
DA:53,4
DA:54,4
LF:14
LH:14
end_of_record
SF:lib/src/features/auth/presentation/widgets/auth_field.dart
DA:7,19
DA:23,4
DA:25,8
DA:26,4
DA:27,4
DA:29,4
DA:31,4
DA:33,4
DA:35,4
DA:36,4
DA:37,4
DA:39,4
DA:41,4
DA:44,4
DA:45,4
DA:54,4
DA:55,4
DA:56,4
DA:57,4
DA:61,4
DA:62,4
LF:21
LH:21
end_of_record
SF:lib/src/features/auth/presentation/views/auth.dart
DA:10,2
DA:12,1
DA:13,1
DA:20,1
DA:22,1
DA:23,2
DA:26,1
DA:28,2
DA:29,1
DA:32,1
DA:34,1
DA:36,1
DA:37,1
DA:38,1
DA:51,1
DA:53,3
DA:54,1
DA:55,1
DA:59,1
DA:61,1
DA:63,1
DA:65,1
DA:66,1
DA:67,1
DA:68,1
LF:25
LH:25
end_of_record
SF:lib/src/features/auth/presentation/views/signup.dart
DA:6,4
DA:8,1
DA:10,1
DA:11,1
DA:12,1
DA:14,1
DA:16,1
DA:36,1
DA:39,4
LF:9
LH:9
end_of_record
SF:lib/src/features/health_related/views/health_related.dart
DA:7,2
DA:9,1
DA:10,1
DA:14,1
DA:16,1
DA:18,1
DA:19,1
DA:20,1
DA:21,1
DA:23,1
DA:25,1
DA:29,1
DA:31,1
DA:32,1
DA:34,1
DA:37,0
DA:38,0
DA:42,1
DA:44,1
DA:47,0
DA:48,0
DA:54,1
DA:56,1
DA:57,1
DA:59,1
DA:62,0
DA:63,0
DA:67,1
DA:69,1
DA:72,0
DA:73,0
DA:79,1
DA:81,1
DA:82,1
DA:84,1
DA:87,0
DA:88,0
DA:92,1
DA:94,1
DA:97,0
DA:98,0
LF:41
LH:29
end_of_record
SF:lib/src/features/health_related/widgets/health_info_card.dart
DA:14,2
DA:20,2
DA:22,2
DA:23,2
DA:24,2
DA:26,2
DA:28,2
DA:34,2
DA:35,2
DA:36,2
DA:38,4
DA:47,2
DA:49,2
DA:51,2
DA:52,2
LF:15
LH:15
end_of_record
SF:lib/src/features/health_related/widgets/my_nav_bar.dart
DA:14,13
DA:17,3
DA:19,3
DA:21,3
DA:22,3
DA:23,0
DA:24,0
DA:25,0
DA:28,3
DA:29,3
DA:30,3
LF:11
LH:8
end_of_record
SF:lib/src/features/dashboard/presentation/widgets/circular_image_text_menu_item.dart
DA:15,7
DA:23,5
DA:25,5
DA:26,5
DA:27,5
DA:29,5
DA:30,5
DA:31,5
DA:35,5
DA:40,5
DA:41,5
DA:42,5
DA:45,5
DA:46,5
DA:48,5
DA:50,5
DA:51,5
DA:52,5
DA:53,13
DA:59,12
LF:20
LH:20
end_of_record
SF:lib/src/features/dashboard/presentation/widgets/circular_structure_with_widget_inside.dart
DA:11,6
DA:17,6
DA:19,6
DA:20,6
DA:21,6
DA:24,6
DA:25,6
DA:31,6
LF:8
LH:8
end_of_record
SF:lib/src/features/splash/presentation/views/splash_screen.dart
DA:8,2
DA:12,2
DA:13,2
DA:22,2
DA:24,4
DA:26,0
DA:28,4
DA:31,2
DA:32,4
DA:35,2
DA:36,2
DA:37,2
DA:41,2
DA:44,2
DA:46,4
DA:47,4
DA:48,2
DA:51,2
DA:53,2
DA:55,2
DA:56,2
DA:57,4
LF:22
LH:21
end_of_record
SF:lib/src/features/appointment/views/appointments.dart
DA:7,2
DA:9,1
DA:10,1
DA:14,1
DA:16,1
DA:18,1
DA:19,1
DA:20,1
DA:21,1
DA:23,1
DA:25,1
DA:40,1
DA:44,0
DA:49,1
DA:53,0
LF:15
LH:13
end_of_record
SF:lib/src/features/appointment/widgets/doctors_info_card.dart
DA:15,2
DA:22,2
DA:24,2
DA:25,2
DA:26,2
DA:28,2
DA:30,2
DA:36,2
DA:38,2
DA:39,2
DA:42,2
DA:43,2
DA:44,4
DA:55,2
DA:57,2
DA:59,2
DA:60,2
DA:62,4
DA:70,2
DA:72,4
LF:20
LH:20
end_of_record
SF:lib/src/features/dashboard/presentation/views/dashboard.dart
DA:6,2
DA:8,1
DA:9,1
DA:13,1
DA:15,1
DA:27,1
DA:28,1
DA:29,1
DA:30,1
DA:32,1
DA:34,1
DA:35,1
DA:51,1
DA:54,0
DA:55,0
DA:58,1
DA:61,0
DA:62,0
DA:77,1
DA:78,0
DA:79,0
LF:21
LH:15
end_of_record
SF:lib/app/view/app.dart
DA:7,1
DA:9,1
DA:11,1
DA:12,2
DA:13,2
DA:14,2
DA:16,1
DA:18,1
DA:20,1
LF:9
LH:9
end_of_record
SF:lib/src/router.dart
DA:9,3
DA:11,1
DA:12,1
DA:14,1
DA:16,1
DA:18,0
DA:20,1
DA:22,0
DA:24,1
DA:26,0
DA:28,1
DA:30,0
DA:31,0
DA:34,1
DA:36,0
LF:15
LH:9
end_of_record
SF:lib/src/features/health_related/views/health_info_details.dart
DA:5,0
DA:7,0
DA:9,0
DA:45,0
DA:47,0
DA:49,0
DA:50,0
DA:51,0
DA:52,0
DA:54,0
DA:55,0
DA:56,0
DA:57,0
DA:59,0
DA:64,0
DA:65,0
DA:68,0
DA:69,0
DA:70,0
DA:71,0
DA:72,0
DA:73,0
DA:74,0
DA:75,0
DA:76,0
DA:77,0
DA:78,0
DA:79,0
DA:81,0
DA:82,0
DA:87,0
DA:88,0
DA:89,0
DA:90,0
DA:91,0
DA:92,0
DA:93,0
DA:94,0
DA:95,0
DA:96,0
DA:97,0
DA:98,0
DA:99,0
DA:100,0
DA:102,0
DA:103,0
DA:108,0
DA:109,0
DA:110,0
DA:111,0
DA:112,0
DA:113,0
DA:114,0
DA:115,0
DA:116,0
DA:117,0
DA:118,0
DA:119,0
DA:120,0
DA:121,0
DA:123,0
DA:124,0
LF:62
LH:0
end_of_record
